<?xml version="1.0" encoding="UTF-8"?>
<testsuite xmlns:xsi="http://www.w3.org/2001/XMLSchema-instance" xsi:noNamespaceSchemaLocation="https://maven.apache.org/surefire/maven-surefire-plugin/xsd/surefire-test-report.xsd" name="com.qhuong.services.TestNhanVienSuaThietBiservices" time="1.713" tests="37" errors="0" skipped="0" failures="0">
  <properties/>
  <testcase name="testGetNhanVienSuaThietBi_FullData_NoMatches" classname="com.qhuong.services.TestNhanVienSuaThietBiservices" time="0.184"/>
  <testcase name="testValidateUpdateReceipt_ValidInput" classname="com.qhuong.services.TestNhanVienSuaThietBiservices" time="0.019"/>
  <testcase name="testCheckIdEquipment_NotExists" classname="com.qhuong.services.TestNhanVienSuaThietBiservices" time="0.015"/>
  <testcase name="testValidateUpdateReceipt_ChiPhiTooLarge" classname="com.qhuong.services.TestNhanVienSuaThietBiservices" time="0.015"/>
  <testcase name="testGetListNotRepair_NoMatches" classname="com.qhuong.services.TestNhanVienSuaThietBiservices" time="0.012"/>
  <testcase name="testValidateUpdateReceipt_EmptyChiPhi" classname="com.qhuong.services.TestNhanVienSuaThietBiservices" time="0.013"/>
  <testcase name="testValidateAddRepairSchedule_TimeConflict_ThrowsException" classname="com.qhuong.services.TestNhanVienSuaThietBiservices" time="0.661"/>
  <testcase name="testRepairScheduleTimes_NoMatches" classname="com.qhuong.services.TestNhanVienSuaThietBiservices" time="0.032"/>
  <testcase name="testValidateAddRepairSchedule_InvalidDate_BeforeRange" classname="com.qhuong.services.TestNhanVienSuaThietBiservices" time="0.408"/>
  <testcase name="testGetListNotRepair_Success" classname="com.qhuong.services.TestNhanVienSuaThietBiservices" time="0.018"/>
  <testcase name="testRepairScheduleTimes_Success" classname="com.qhuong.services.TestNhanVienSuaThietBiservices" time="0.016"/>
  <testcase name="testValidateUpdateReceipt_ChiPhiTooLow" classname="com.qhuong.services.TestNhanVienSuaThietBiservices" time="0.014"/>
  <testcase name="testValidateAddRepairSchedule_NullNgaySua" classname="com.qhuong.services.TestNhanVienSuaThietBiservices" time="0.012"/>
  <testcase name="testCheckTimeConflict_BaoTriConflict" classname="com.qhuong.services.TestNhanVienSuaThietBiservices" time="0.011"/>
  <testcase name="testGetRepairScheduleNew_NullMoTa" classname="com.qhuong.services.TestNhanVienSuaThietBiservices" time="0.01"/>
  <testcase name="testValidateUpdateReceipt_MoTaSpecialCharacters" classname="com.qhuong.services.TestNhanVienSuaThietBiservices" time="0.009"/>
  <testcase name="testValidateUpdateReceipt_EmptyMoTa" classname="com.qhuong.services.TestNhanVienSuaThietBiservices" time="0.009"/>
  <testcase name="testValidateAddRepairSchedule_ExistingSchedule" classname="com.qhuong.services.TestNhanVienSuaThietBiservices" time="0.011"/>
  <testcase name="testCheckIdEquipment_Exists" classname="com.qhuong.services.TestNhanVienSuaThietBiservices" time="0.009"/>
  <testcase name="testValidateUpdateReceipt_MoTaTooLong" classname="com.qhuong.services.TestNhanVienSuaThietBiservices" time="0.007"/>
  <testcase name="testAddRepairSchedule_Success" classname="com.qhuong.services.TestNhanVienSuaThietBiservices" time="0.012"/>
  <testcase name="testGetNhanVienSuaThietBi_NotFullData_NoMatches" classname="com.qhuong.services.TestNhanVienSuaThietBiservices" time="0.007"/>
  <testcase name="testValidateUpdateReceipt_InvalidChiPhi" classname="com.qhuong.services.TestNhanVienSuaThietBiservices" time="0.007"/>
  <testcase name="testCheckTimeConflict_NhanVienSuaThietBiConflict" classname="com.qhuong.services.TestNhanVienSuaThietBiservices" time="0.009"/>
  <testcase name="testCheckTimeConflict_BothTablesConflict" classname="com.qhuong.services.TestNhanVienSuaThietBiservices" time="0.008"/>
  <testcase name="testValidateAddRepairSchedule_InvalidIdNhanVien" classname="com.qhuong.services.TestNhanVienSuaThietBiservices" time="0.009"/>
  <testcase name="testCheckTimeConflict_DifferentTimeNoConflict" classname="com.qhuong.services.TestNhanVienSuaThietBiservices" time="0.007"/>
  <testcase name="testUpdateReceipt_Success" classname="com.qhuong.services.TestNhanVienSuaThietBiservices" time="0.01"/>
  <testcase name="testCheckTimeConflict_NoConflicts" classname="com.qhuong.services.TestNhanVienSuaThietBiservices" time="0.009"/>
  <testcase name="testValidateAddRepairSchedule_InvalidIdThietBi" classname="com.qhuong.services.TestNhanVienSuaThietBiservices" time="0.008"/>
  <testcase name="testGetRepairScheduleNew_NullChiPhi" classname="com.qhuong.services.TestNhanVienSuaThietBiservices" time="0.009"/>
  <testcase name="testGetRepairScheduleNew_Success" classname="com.qhuong.services.TestNhanVienSuaThietBiservices" time="0.007"/>
  <testcase name="testValidateAddRepairSchedule_OverWorkload" classname="com.qhuong.services.TestNhanVienSuaThietBiservices" time="0.009"/>
  <testcase name="testGetNhanVienSuaThietBi_NotFullData_Success" classname="com.qhuong.services.TestNhanVienSuaThietBiservices" time="0.006"/>
  <testcase name="testGetNhanVienSuaThietBi_FullData_Success" classname="com.qhuong.services.TestNhanVienSuaThietBiservices" time="0.006"/>
  <testcase name="testValidateAddRepairSchedule_Success" classname="com.qhuong.services.TestNhanVienSuaThietBiservices" time="0.039"/>
  <testcase name="testValidateAddRepairSchedule_InvalidDate_AfterRange" classname="com.qhuong.services.TestNhanVienSuaThietBiservices" time="0.036"/>
</testsuite>