<?xml version="1.0" encoding="UTF-8"?>
<testsuite xmlns:xsi="http://www.w3.org/2001/XMLSchema-instance" xsi:noNamespaceSchemaLocation="https://maven.apache.org/surefire/maven-surefire-plugin/xsd/surefire-test-report.xsd" name="com.qhuong.services.TestThietBiServices" time="2.274" tests="42" errors="2" skipped="0" failures="2">
  <properties/>
  <testcase name="testCheckThanhLyDateRules_PastDate" classname="com.qhuong.services.TestThietBiServices" time="0.237"/>
  <testcase name="testValidateUpdateThietBi_EmptyFields" classname="com.qhuong.services.TestThietBiServices" time="0.008"/>
  <testcase name="testAddThietBi_Success" classname="com.qhuong.services.TestThietBiServices" time="0.009"/>
  <testcase name="testAddThietBi_InvalidNgayNhap" classname="com.qhuong.services.TestThietBiServices" time="0.374"/>
  <testcase name="testAddNotification_Success" classname="com.qhuong.services.TestThietBiServices" time="0.011"/>
  <testcase name="testCheckStatusUpdateRules_BaoTriStatus" classname="com.qhuong.services.TestThietBiServices" time="0.072"/>
  <testcase name="testUpdateThietBi_WithThanhLyAndDeleteSchedule" classname="com.qhuong.services.TestThietBiServices" time="0.618">
    <error message="Cannot invoke &quot;Object.getClass()&quot; because &quot;object&quot; is null" type="java.lang.NullPointerException">java.lang.NullPointerException: Cannot invoke "Object.getClass()" because "object" is null
	at com.qhuong.services.TestThietBiServices.testUpdateThietBi_WithThanhLyAndDeleteSchedule(TestThietBiServices.java:383)
</error>
    <system-err><![CDATA[WARNING: A Java agent has been loaded dynamically (C:\Users\PC\.m2\repository\net\bytebuddy\byte-buddy-agent\1.14.15\byte-buddy-agent-1.14.15.jar)
WARNING: If a serviceability tool is in use, please run with -XX:+EnableDynamicAgentLoading to hide this warning
WARNING: If a serviceability tool is not in use, please run with -Djdk.instrument.traceUsage for more information
WARNING: Dynamic loading of agents will be disallowed by default in a future release
]]></system-err>
  </testcase>
  <testcase name="testGetImportDateEquipment" classname="com.qhuong.services.TestThietBiServices" time="0.006"/>
  <testcase name="testCheckEmptyFields_InvalidStatus" classname="com.qhuong.services.TestThietBiServices" time="0.007"/>
  <testcase name="testCheckThanhLyDateRules_ValidDate" classname="com.qhuong.services.TestThietBiServices" time="0.006"/>
  <testcase name="testAddThietBi_InvalidTrangThai" classname="com.qhuong.services.TestThietBiServices" time="0.036"/>
  <testcase name="testCheckStatusUpdateRules_ThanhLyStatus" classname="com.qhuong.services.TestThietBiServices" time="0.064"/>
  <testcase name="testValidateAddThietBi_SpecialCharacters" classname="com.qhuong.services.TestThietBiServices" time="0.018"/>
  <testcase name="testGetImportDateById_NotFound" classname="com.qhuong.services.TestThietBiServices" time="0.01"/>
  <testcase name="testIsExist_True" classname="com.qhuong.services.TestThietBiServices" time="0.006"/>
  <testcase name="testValidateSearch_TooLong" classname="com.qhuong.services.TestThietBiServices" time="0.004"/>
  <testcase name="testUpdateThietBi_WithoutThanhLy" classname="com.qhuong.services.TestThietBiServices" time="0.152">
    <error message="Cannot invoke &quot;java.sql.Connection.prepareStatement(String)&quot; because &quot;this.mockConnection&quot; is null" type="java.lang.NullPointerException">java.lang.NullPointerException: Cannot invoke "java.sql.Connection.prepareStatement(String)" because "this.mockConnection" is null
	at com.qhuong.services.TestThietBiServices.testUpdateThietBi_WithoutThanhLy(TestThietBiServices.java:414)
</error>
  </testcase>
  <testcase name="testGetNameById_Found" classname="com.qhuong.services.TestThietBiServices" time="0.011"/>
  <testcase name="testCheckThanhLyDateRules_ThanhLyNoDate" classname="com.qhuong.services.TestThietBiServices" time="0.009"/>
  <testcase name="testValidateUpdateThietBi_InvalidStatus" classname="com.qhuong.services.TestThietBiServices" time="0.134"/>
  <testcase name="testContainsSpecialCharacters_True" classname="com.qhuong.services.TestThietBiServices" time="0.008"/>
  <testcase name="testUpdateStatus_Success" classname="com.qhuong.services.TestThietBiServices" time="0.008"/>
  <testcase name="testGetImportDateById_Found" classname="com.qhuong.services.TestThietBiServices" time="0.009"/>
  <testcase name="testGetThietBi_EmptyKeyword" classname="com.qhuong.services.TestThietBiServices" time="0.008"/>
  <testcase name="testValidateSearch_SpecialCharacters" classname="com.qhuong.services.TestThietBiServices" time="0.007"/>
  <testcase name="testValidateAddThietBi_NameTooLong" classname="com.qhuong.services.TestThietBiServices" time="0.025"/>
  <testcase name="testValidateAddThietBi_NameExists" classname="com.qhuong.services.TestThietBiServices" time="0.037">
    <failure message="Expected java.lang.IllegalArgumentException to be thrown, but nothing was thrown." type="org.opentest4j.AssertionFailedError">org.opentest4j.AssertionFailedError: Expected java.lang.IllegalArgumentException to be thrown, but nothing was thrown.
	at com.qhuong.services.TestThietBiServices.testValidateAddThietBi_NameExists(TestThietBiServices.java:369)
</failure>
    <system-out><![CDATA[Moi truong test
Moi truong test
]]></system-out>
  </testcase>
  <testcase name="testValidateUpdateThietBi_ThanhLyWithoutDate" classname="com.qhuong.services.TestThietBiServices" time="0.09"/>
  <testcase name="testCheckStatusUpdateRules_ValidTransition" classname="com.qhuong.services.TestThietBiServices" time="0.06"/>
  <testcase name="testContainsSpecialCharacters_False" classname="com.qhuong.services.TestThietBiServices" time="0.006"/>
  <testcase name="testGetIdEquipment_Found" classname="com.qhuong.services.TestThietBiServices" time="0.004"/>
  <testcase name="testCheckStatusUpdateRules_HongHocToHoatDong" classname="com.qhuong.services.TestThietBiServices" time="0.058"/>
  <testcase name="testCheckStatusUpdateRules_HoatDongToDangSua" classname="com.qhuong.services.TestThietBiServices" time="0.054">
    <failure message="Expected java.lang.IllegalArgumentException to be thrown, but nothing was thrown." type="org.opentest4j.AssertionFailedError">org.opentest4j.AssertionFailedError: Expected java.lang.IllegalArgumentException to be thrown, but nothing was thrown.
	at com.qhuong.services.TestThietBiServices.testCheckStatusUpdateRules_HoatDongToDangSua(TestThietBiServices.java:510)
</failure>
    <system-out><![CDATA[Moi truong test
]]></system-out>
  </testcase>
  <testcase name="testIsNameExist_UpdateAction_False" classname="com.qhuong.services.TestThietBiServices" time="0.007"/>
  <testcase name="testGetCurrentStatus_Found" classname="com.qhuong.services.TestThietBiServices" time="0.006"/>
  <testcase name="testIsNameExist_AddAction_True" classname="com.qhuong.services.TestThietBiServices" time="0.005"/>
  <testcase name="testDeleteAllSchedule_Success" classname="com.qhuong.services.TestThietBiServices" time="0.012"/>
  <testcase name="testCheckEmptyFields_EmptyName" classname="com.qhuong.services.TestThietBiServices" time="0.006"/>
  <testcase name="testValidateAddThietBi_EmptyFields" classname="com.qhuong.services.TestThietBiServices" time="0.017"/>
  <testcase name="testIsExist_False" classname="com.qhuong.services.TestThietBiServices" time="0.005"/>
  <testcase name="testCheckEmptyFields_WhitespaceName" classname="com.qhuong.services.TestThietBiServices" time="0.004"/>
  <testcase name="testGetThietBi_WithKeyword" classname="com.qhuong.services.TestThietBiServices" time="0.007"/>
</testsuite>