<?xml version="1.0" encoding="UTF-8"?>
<testsuite xmlns:xsi="http://www.w3.org/2001/XMLSchema-instance" xsi:noNamespaceSchemaLocation="https://maven.apache.org/surefire/maven-surefire-plugin/xsd/surefire-test-report.xsd" name="TestNhanVienSuaChuaServices" time="0.444" tests="22" errors="0" skipped="0" failures="0">
  <properties/>
  <testcase name="testGetEmailWithInvalidId" classname="TestNhanVienSuaChuaServices" time="0.245"/>
  <testcase name="testGetIdEmployeeWithValidName" classname="TestNhanVienSuaChuaServices" time="0.011"/>
  <testcase name="testUpdateEmployeeWithConnection" classname="TestNhanVienSuaChuaServices" time="0.01"/>
  <testcase name="testGetEmailWithValidId" classname="TestNhanVienSuaChuaServices" time="0.006"/>
  <testcase name="testIsNumber{String, boolean}[1]" classname="TestNhanVienSuaChuaServices" time="0.024"/>
  <testcase name="testIsNumber{String, boolean}[2]" classname="TestNhanVienSuaChuaServices" time="0.005"/>
  <testcase name="testIsNumber{String, boolean}[3]" classname="TestNhanVienSuaChuaServices" time="0.007"/>
  <testcase name="testGetNhanVien" classname="TestNhanVienSuaChuaServices" time="0.005"/>
  <testcase name="testInvalidEmployeeInput{String, String, String, String, String, String, String}[1]" classname="TestNhanVienSuaChuaServices" time="0.009"/>
  <testcase name="testInvalidEmployeeInput{String, String, String, String, String, String, String}[2]" classname="TestNhanVienSuaChuaServices" time="0.005"/>
  <testcase name="testInvalidEmployeeInput{String, String, String, String, String, String, String}[3]" classname="TestNhanVienSuaChuaServices" time="0.006"/>
  <testcase name="testInvalidEmployeeInput{String, String, String, String, String, String, String}[4]" classname="TestNhanVienSuaChuaServices" time="0.004"/>
  <testcase name="testInvalidEmployeeInput{String, String, String, String, String, String, String}[5]" classname="TestNhanVienSuaChuaServices" time="0.005"/>
  <testcase name="testInvalidEmployeeInput{String, String, String, String, String, String, String}[6]" classname="TestNhanVienSuaChuaServices" time="0.005"/>
  <testcase name="testInvalidEmployeeInput{String, String, String, String, String, String, String}[7]" classname="TestNhanVienSuaChuaServices" time="0.004"/>
  <testcase name="testGetIdEmployeeWithInvalidName" classname="TestNhanVienSuaChuaServices" time="0.006"/>
  <testcase name="testAddEmployee_Success" classname="TestNhanVienSuaChuaServices" time="0.005"/>
  <testcase name="testContainsSpecialCharacters{String, boolean}[1]" classname="TestNhanVienSuaChuaServices" time="0.005"/>
  <testcase name="testContainsSpecialCharacters{String, boolean}[2]" classname="TestNhanVienSuaChuaServices" time="0.004"/>
  <testcase name="testContainsSpecialCharacters{String, boolean}[3]" classname="TestNhanVienSuaChuaServices" time="0.006"/>
  <testcase name="testContainsSpecialCharacters{String, boolean}[4]" classname="TestNhanVienSuaChuaServices" time="0.005"/>
  <testcase name="testGetEmailWithZeroId" classname="TestNhanVienSuaChuaServices" time="0.006"/>
</testsuite>